Spark Command: /Library/Java/JavaVirtualMachines/jdk1.8.0_162.jdk/Contents/Home/bin/java -cp /Users/ibarros/Downloads/spark-2.3.0-bin-hadoop2.7/conf/:/Users/ibarros/Downloads/spark-2.3.0-bin-hadoop2.7/jars/* -Xmx1g org.apache.spark.deploy.worker.Worker --webui-port 8081 spark://LAibarros:7077
========================================
2018-07-08 20:10:48 INFO  Worker:2608 - Started daemon with process name: 22834@LAibarros
2018-07-08 20:10:48 INFO  SignalUtils:54 - Registered signal handler for TERM
2018-07-08 20:10:48 INFO  SignalUtils:54 - Registered signal handler for HUP
2018-07-08 20:10:48 INFO  SignalUtils:54 - Registered signal handler for INT
2018-07-08 20:10:49 WARN  NativeCodeLoader:62 - Unable to load native-hadoop library for your platform... using builtin-java classes where applicable
2018-07-08 20:10:49 INFO  SecurityManager:54 - Changing view acls to: ibarros
2018-07-08 20:10:49 INFO  SecurityManager:54 - Changing modify acls to: ibarros
2018-07-08 20:10:49 INFO  SecurityManager:54 - Changing view acls groups to: 
2018-07-08 20:10:49 INFO  SecurityManager:54 - Changing modify acls groups to: 
2018-07-08 20:10:49 INFO  SecurityManager:54 - SecurityManager: authentication disabled; ui acls disabled; users  with view permissions: Set(ibarros); groups with view permissions: Set(); users  with modify permissions: Set(ibarros); groups with modify permissions: Set()
2018-07-08 20:10:49 INFO  Utils:54 - Successfully started service 'sparkWorker' on port 52432.
2018-07-08 20:10:50 INFO  Worker:54 - Starting Spark worker 192.168.0.100:52432 with 4 cores, 7.0 GB RAM
2018-07-08 20:10:50 INFO  Worker:54 - Running Spark version 2.3.0
2018-07-08 20:10:50 INFO  Worker:54 - Spark home: /Users/ibarros/Downloads/spark-2.3.0-bin-hadoop2.7
2018-07-08 20:10:50 INFO  log:192 - Logging initialized @2115ms
2018-07-08 20:10:50 INFO  Server:346 - jetty-9.3.z-SNAPSHOT
2018-07-08 20:10:50 INFO  Server:414 - Started @2195ms
2018-07-08 20:10:50 INFO  AbstractConnector:278 - Started ServerConnector@1844b12a{HTTP/1.1,[http/1.1]}{0.0.0.0:8081}
2018-07-08 20:10:50 INFO  Utils:54 - Successfully started service 'WorkerUI' on port 8081.
2018-07-08 20:10:50 INFO  ContextHandler:781 - Started o.s.j.s.ServletContextHandler@21c8f26b{/logPage,null,AVAILABLE,@Spark}
2018-07-08 20:10:50 INFO  ContextHandler:781 - Started o.s.j.s.ServletContextHandler@5e30f9e3{/logPage/json,null,AVAILABLE,@Spark}
2018-07-08 20:10:50 INFO  ContextHandler:781 - Started o.s.j.s.ServletContextHandler@33910a6b{/,null,AVAILABLE,@Spark}
2018-07-08 20:10:50 INFO  ContextHandler:781 - Started o.s.j.s.ServletContextHandler@57319aba{/json,null,AVAILABLE,@Spark}
2018-07-08 20:10:50 INFO  ContextHandler:781 - Started o.s.j.s.ServletContextHandler@e979e5e{/static,null,AVAILABLE,@Spark}
2018-07-08 20:10:50 INFO  ContextHandler:781 - Started o.s.j.s.ServletContextHandler@194b0858{/log,null,AVAILABLE,@Spark}
2018-07-08 20:10:50 INFO  WorkerWebUI:54 - Bound WorkerWebUI to 0.0.0.0, and started at http://192.168.0.100:8081
2018-07-08 20:10:50 INFO  Worker:54 - Connecting to master LAibarros:7077...
2018-07-08 20:10:50 INFO  ContextHandler:781 - Started o.s.j.s.ServletContextHandler@260bd2ee{/metrics/json,null,AVAILABLE,@Spark}
2018-07-08 20:10:50 INFO  TransportClientFactory:267 - Successfully created connection to LAibarros/192.168.0.100:7077 after 87 ms (0 ms spent in bootstraps)
2018-07-08 20:10:50 INFO  Worker:54 - Successfully registered with master spark://LAibarros:7077
2018-07-08 20:17:03 INFO  Worker:54 - Asked to launch executor app-20180708201703-0000/0 for Spark Pi
2018-07-08 20:17:03 INFO  SecurityManager:54 - Changing view acls to: ibarros
2018-07-08 20:17:03 INFO  SecurityManager:54 - Changing modify acls to: ibarros
2018-07-08 20:17:03 INFO  SecurityManager:54 - Changing view acls groups to: 
2018-07-08 20:17:03 INFO  SecurityManager:54 - Changing modify acls groups to: 
2018-07-08 20:17:03 INFO  SecurityManager:54 - SecurityManager: authentication disabled; ui acls disabled; users  with view permissions: Set(ibarros); groups with view permissions: Set(); users  with modify permissions: Set(ibarros); groups with modify permissions: Set()
2018-07-08 20:17:04 INFO  ExecutorRunner:54 - Launch command: "/Library/Java/JavaVirtualMachines/jdk1.8.0_162.jdk/Contents/Home/bin/java" "-cp" "/Users/ibarros/Downloads/spark-2.3.0-bin-hadoop2.7/conf/:/Users/ibarros/Downloads/spark-2.3.0-bin-hadoop2.7/jars/*" "-Xmx1024M" "-Dspark.driver.port=52466" "org.apache.spark.executor.CoarseGrainedExecutorBackend" "--driver-url" "spark://CoarseGrainedScheduler@192.168.0.100:52466" "--executor-id" "0" "--hostname" "192.168.0.100" "--cores" "4" "--app-id" "app-20180708201703-0000" "--worker-url" "spark://Worker@192.168.0.100:52432"
2018-07-08 20:17:10 INFO  Worker:54 - Asked to kill executor app-20180708201703-0000/0
2018-07-08 20:17:10 INFO  ExecutorRunner:54 - Runner thread for executor app-20180708201703-0000/0 interrupted
2018-07-08 20:17:10 INFO  ExecutorRunner:54 - Killing process!
2018-07-08 20:17:11 INFO  Worker:54 - Executor app-20180708201703-0000/0 finished with state KILLED exitStatus 0
2018-07-08 20:17:11 INFO  ExternalShuffleBlockResolver:186 - Application app-20180708201703-0000 removed, cleanupLocalDirs = true
2018-07-08 20:17:11 INFO  Worker:54 - Cleaning up local directories for application app-20180708201703-0000
2018-07-08 20:22:28 ERROR Worker:43 - RECEIVED SIGNAL TERM
2018-07-08 20:22:28 INFO  ShutdownHookManager:54 - Shutdown hook called
2018-07-08 20:22:28 INFO  ShutdownHookManager:54 - Deleting directory /private/var/folders/ll/s38brzgd3kn0l3lcnmqyn12h0000gq/T/spark-42a45786-a5bf-45c0-bd03-5906811fde01
